[debug] [2023-10-02T11:03:48.561Z] ----------------------------------------------------------------------
[debug] [2023-10-02T11:03:48.562Z] Command:       /home/zozak/.nvm/versions/node/v18.7.0/bin/node /home/zozak/.nvm/versions/node/v18.7.0/bin/firebase init
[debug] [2023-10-02T11:03:48.563Z] CLI Version:   12.5.2
[debug] [2023-10-02T11:03:48.563Z] Platform:      linux
[debug] [2023-10-02T11:03:48.563Z] Node Version:  v18.7.0
[debug] [2023-10-02T11:03:48.563Z] Time:          Mon Oct 02 2023 14:03:48 GMT+0300 (GMT+03:00)
[debug] [2023-10-02T11:03:48.563Z] ----------------------------------------------------------------------
[debug] 
[debug] [2023-10-02T11:03:48.617Z] > command requires scopes: ["email","openid","https://www.googleapis.com/auth/cloudplatformprojects.readonly","https://www.googleapis.com/auth/firebase","https://www.googleapis.com/auth/cloud-platform"]
[debug] [2023-10-02T11:03:48.617Z] > authorizing via signed-in user (akifhanilgaz@gmail.com)
[info] 
     ######## #### ########  ######## ########     ###     ######  ########
     ##        ##  ##     ## ##       ##     ##  ##   ##  ##       ##
     ######    ##  ########  ######   ########  #########  ######  ######
     ##        ##  ##    ##  ##       ##     ## ##     ##       ## ##
     ##       #### ##     ## ######## ########  ##     ##  ######  ########

You're about to initialize a Firebase project in this directory:

  /home/zozak/workspace/github.com/AkifhanIlgaz/wit

Before we get started, keep in mind:

  * You are initializing within an existing Firebase project directory

[info] 
=== Project Setup
[info] 
[info] First, let's associate this project directory with a Firebase project.
[info] You can create multiple project aliases by running firebase use --add, 
[info] but for now we'll just set up a default project.
[info] 
[debug] [2023-10-02T11:03:56.750Z] Using project from CLI flag: wearittomorrow-ab06f
[debug] [2023-10-02T11:03:56.752Z] >>> [apiv2][query] GET https://firebase.googleapis.com/v1beta1/projects/wearittomorrow-ab06f [none]
[debug] [2023-10-02T11:03:57.330Z] <<< [apiv2][status] GET https://firebase.googleapis.com/v1beta1/projects/wearittomorrow-ab06f 200
[debug] [2023-10-02T11:03:57.330Z] <<< [apiv2][body] GET https://firebase.googleapis.com/v1beta1/projects/wearittomorrow-ab06f {"projectId":"wearittomorrow-ab06f","projectNumber":"809286251539","displayName":"wearittomorrow","name":"projects/wearittomorrow-ab06f","resources":{"hostingSite":"wearittomorrow-ab06f","storageBucket":"wearittomorrow-ab06f.appspot.com","locationId":"us-central"},"state":"ACTIVE","etag":"1_4b20356d-7535-445e-97fb-420e76a53bcf"}
[info] i  Using project wearittomorrow-ab06f (wearittomorrow) 
[info] 
=== Hosting Setup
[info] 
[info] Your public directory is the folder (relative to your project directory) that
[info] will contain Hosting assets to be uploaded with firebase deploy. If you
[info] have a build process for your assets, use your build's output directory.
[info] 
[debug] [2023-10-02T11:04:30.514Z] >>> [apiv2][query] GET https://www.gstatic.com/firebasejs/releases.json [none]
[debug] [2023-10-02T11:04:30.688Z] <<< [apiv2][status] GET https://www.gstatic.com/firebasejs/releases.json 200
[debug] [2023-10-02T11:04:30.689Z] <<< [apiv2][body] GET https://www.gstatic.com/firebasejs/releases.json {"current":{"version":"10.4.0","browserURL":"https://www.gstatic.com/firebasejs/10.4.0/firebase.js","packageURL":"https://www.gstatic.com/firebasejs/10.4.0/firebase.tgz"},"live":{"version":"10.4","browserURL":"https://www.gstatic.com/firebasejs/live/10.4/firebase.js","packageURL":"https://www.gstatic.com/firebasejs/live/10.4/firebase.tgz"},"components":{"analytics":"https://www.gstatic.com/firebasejs/10.4.0/firebase-analytics.js","app":"https://www.gstatic.com/firebasejs/10.4.0/firebase-app.js","app-check":"https://www.gstatic.com/firebasejs/10.4.0/firebase-app-check.js","auth":"https://www.gstatic.com/firebasejs/10.4.0/firebase-auth.js","auth/cordova":"https://www.gstatic.com/firebasejs/10.4.0/firebase-auth/cordova.js","functions":"https://www.gstatic.com/firebasejs/10.4.0/firebase-functions.js","firestore":"https://www.gstatic.com/firebasejs/10.4.0/firebase-firestore.js","firestore/lite":"https://www.gstatic.com/firebasejs/10.4.0/firebase-firestore/lite.js","installations":"https://www.gstatic.com/firebasejs/10.4.0/firebase-installations.js","storage":"https://www.gstatic.com/firebasejs/10.4.0/firebase-storage.js","performance":"https://www.gstatic.com/firebasejs/10.4.0/firebase-performance.js","remote-config":"https://www.gstatic.com/firebasejs/10.4.0/firebase-remote-config.js","messaging":"https://www.gstatic.com/firebasejs/10.4.0/firebase-messaging.js","messaging/sw":"https://www.gstatic.com/firebasejs/10.4.0/firebase-messaging/sw.js","database":"https://www.gstatic.com/firebasejs/10.4.0/firebase-database.js","firestore.memory":"https://www.gstatic.com/firebasejs/10.4.0/firebase-firestore.memory.js"}}
[info] i  Skipping write of build/index.html 
[info] 
[info] i  Detected a .git folder at /home/zozak/workspace/github.com/AkifhanIlgaz/wit 
[info] i  Authorizing with GitHub to upload your service account to a GitHub repository's secrets store. 
[info] 
[info] Visit this URL on this device to log in:
[info] https://github.com/login/oauth/authorize?client_id=89cf50f02ac6aaed3484&state=968530727&redirect_uri=http%3A%2F%2Flocalhost%3A9005&scope=read%3Auser%20repo%20public_repo
[info] 
[info] Waiting for authentication...
[debug] [2023-10-02T11:04:38.733Z] >>> [apiv2][query] POST https://github.com/login/oauth/access_token [none]
[debug] [2023-10-02T11:04:38.733Z] >>> [apiv2][body] POST https://github.com/login/oauth/access_token [stream]
[debug] [2023-10-02T11:04:39.127Z] <<< [apiv2][status] POST https://github.com/login/oauth/access_token 200
[debug] [2023-10-02T11:04:39.127Z] <<< [apiv2][body] POST https://github.com/login/oauth/access_token {"access_token":"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","token_type":"bearer","scope":"read:user,repo"}
[debug] [2023-10-02T11:04:39.130Z] >>> [apiv2][query] GET https://api.github.com/user [none]
[debug] [2023-10-02T11:04:39.584Z] <<< [apiv2][status] GET https://api.github.com/user 200
[debug] [2023-10-02T11:04:39.584Z] <<< [apiv2][body] GET https://api.github.com/user {"login":"AkifhanIlgaz","id":101044332,"node_id":"U_kgDOBgXQbA","avatar_url":"https://avatars.githubusercontent.com/u/101044332?v=4","gravatar_id":"","url":"https://api.github.com/users/AkifhanIlgaz","html_url":"https://github.com/AkifhanIlgaz","followers_url":"https://api.github.com/users/AkifhanIlgaz/followers","following_url":"https://api.github.com/users/AkifhanIlgaz/following{/other_user}","gists_url":"https://api.github.com/users/AkifhanIlgaz/gists{/gist_id}","starred_url":"https://api.github.com/users/AkifhanIlgaz/starred{/owner}{/repo}","subscriptions_url":"https://api.github.com/users/AkifhanIlgaz/subscriptions","organizations_url":"https://api.github.com/users/AkifhanIlgaz/orgs","repos_url":"https://api.github.com/users/AkifhanIlgaz/repos","events_url":"https://api.github.com/users/AkifhanIlgaz/events{/privacy}","received_events_url":"https://api.github.com/users/AkifhanIlgaz/received_events","type":"User","site_admin":false,"name":"Mehmet Akifhan ILGAZ","company":null,"blog":"","location":"Ankara","email":"akifhanilgaz@gmail.com","hireable":null,"bio":"\r\n                Go & Rust \r\n\r\n","twitter_username":"AkifhanIlgaz","public_repos":44,"public_gists":0,"followers":9,"following":11,"created_at":"2022-03-06T10:47:33Z","updated_at":"2023-08-23T08:23:11Z","private_gists":1,"total_private_repos":22,"owned_private_repos":22,"disk_usage":204635,"collaborators":0,"two_factor_authentication":false,"plan":{"name":"free","space":976562499,"collaborators":0,"private_repos":10000}}
[info] 
[info] ✔  Success! Logged into GitHub as AkifhanIlgaz 
[info] 
